#
# There is insufficient memory for the Java Runtime Environment to continue.
# Native memory allocation (malloc) failed to allocate 1161856 bytes for Chunk::new
# Possible reasons:
#   The system is out of physical RAM or swap space
#   In 32 bit mode, the process size limit was hit
# Possible solutions:
#   Reduce memory load on the system
#   Increase physical memory or swap space
#   Check if swap backing store is full
#   Use 64 bit Java on a 64 bit OS
#   Decrease Java heap size (-Xmx/-Xms)
#   Decrease number of Java threads
#   Decrease Java thread stack sizes (-Xss)
#   Set larger code cache with -XX:ReservedCodeCacheSize=
# This output file may be truncated or incomplete.
#
#  Out of Memory Error (allocation.cpp:390), pid=17632, tid=0x0000000000001df0
#
# JRE version: OpenJDK Runtime Environment (8.0_152-b01) (build 1.8.0_152-release-1248-b01)
# Java VM: OpenJDK 64-Bit Server VM (25.152-b01 mixed mode windows-amd64 compressed oops)
# Failed to write core dump. Minidumps are not enabled by default on client versions of Windows
#

---------------  T H R E A D  ---------------

Current thread (0x0000000016a8a800):  JavaThread "C2 CompilerThread1" daemon [_thread_in_native, id=7664, stack(0x0000000018480000,0x0000000018580000)]

Stack: [0x0000000018480000,0x0000000018580000]
[error occurred during error reporting (printing stack bounds), id 0xc0000005]

Native frames: (J=compiled Java code, j=interpreted, Vv=VM code, C=native code)


Current CompileTask:
C2:  41474 7858   !   4       java.net.URLClassLoader$1::run (63 bytes)


---------------  P R O C E S S  ---------------

Java Threads: ( => current thread )
  0x000000001c6fc000 JavaThread "Cache worker for Java compile cache (D:\Project\OpenCV\OpenCV4Android\.gradle\4.4\javaCompile)" [_thread_blocked, id=15436, stack(0x0000000023950000,0x0000000023a50000)]
  0x000000001c6fb800 JavaThread "Task worker for ':' Thread 3" [_thread_blocked, id=2104, stack(0x0000000023650000,0x0000000023750000)]
  0x000000001c6fd000 JavaThread "Task worker for ':' Thread 2" [_thread_blocked, id=18336, stack(0x0000000023550000,0x0000000023650000)]
  0x000000001c6fd800 JavaThread "Task worker for ':'" [_thread_in_Java, id=16268, stack(0x0000000023450000,0x0000000023550000)]
  0x000000001c700800 JavaThread "Cache worker for Build Output Cleanup Cache (D:\Project\OpenCV\OpenCV4Android\.gradle\buildOutputCleanup)" [_thread_blocked, id=17064, stack(0x0000000021ec0000,0x0000000021fc0000)]
  0x000000001c6fe800 JavaThread "Cache worker for task history cache (D:\Project\OpenCV\OpenCV4Android\.gradle\4.4\taskHistory)" [_thread_blocked, id=15232, stack(0x0000000021dc0000,0x0000000021ec0000)]
  0x000000001c702000 JavaThread "Cache worker for file content cache (D:\Project\OpenCV\OpenCV4Android\.gradle\4.4\fileContent)" [_thread_blocked, id=16708, stack(0x0000000021400000,0x0000000021500000)]
  0x000000001c6ff000 JavaThread "Memory manager" [_thread_blocked, id=19376, stack(0x000000001f700000,0x000000001f800000)]
  0x000000001c5f6000 JavaThread "build operations Thread 4" [_thread_blocked, id=23516, stack(0x000000001f300000,0x000000001f400000)]
  0x000000001c5f5800 JavaThread "build operations Thread 3" [_thread_blocked, id=18764, stack(0x000000001f200000,0x000000001f300000)]
  0x000000001c5f3000 JavaThread "build operations Thread 2" [_thread_blocked, id=20268, stack(0x000000001f100000,0x000000001f200000)]
  0x000000001c5f2800 JavaThread "build operations" [_thread_blocked, id=14560, stack(0x000000001f000000,0x000000001f100000)]
  0x000000001c5f4800 JavaThread "Cache worker for Artifact transforms cache (C:\Users\Administrator\.gradle\caches\transforms-1)" [_thread_blocked, id=12784, stack(0x000000001e610000,0x000000001e710000)]
  0x000000001b679000 JavaThread "Cache worker for file hash cache (D:\Project\OpenCV\OpenCV4Android\.gradle\4.4\fileHashes)" [_thread_blocked, id=21204, stack(0x000000001c0d0000,0x000000001c1d0000)]
  0x0000000019d94000 JavaThread "File lock request listener" [_thread_in_native, id=12836, stack(0x000000001b000000,0x000000001b100000)]
  0x0000000018a4b800 JavaThread "Cache worker for file hash cache (C:\Users\Administrator\.gradle\caches\4.4\fileHashes)" [_thread_blocked, id=21040, stack(0x000000001af00000,0x000000001b000000)]
  0x0000000018d1c000 JavaThread "Stdin handler" [_thread_blocked, id=9560, stack(0x000000001ac00000,0x000000001ad00000)]
  0x0000000018d18800 JavaThread "Asynchronous log dispatcher for DefaultDaemonConnection: socket connection from /127.0.0.1:58397 to /127.0.0.1:58398" [_thread_blocked, id=12196, stack(0x000000001ab00000,0x000000001ac00000)]
  0x0000000018d38800 JavaThread "Daemon worker" [_thread_blocked, id=20952, stack(0x000000001aa00000,0x000000001ab00000)]
  0x0000000018d37800 JavaThread "Cancel handler" [_thread_blocked, id=15172, stack(0x000000001a900000,0x000000001aa00000)]
  0x000000001988f000 JavaThread "Handler for socket connection from /127.0.0.1:58397 to /127.0.0.1:58398" [_thread_in_native, id=19024, stack(0x000000001a600000,0x000000001a700000)]
  0x000000001988b800 JavaThread "Daemon" [_thread_blocked, id=22164, stack(0x000000001a500000,0x000000001a600000)]
  0x000000001957e000 JavaThread "Daemon periodic checks" [_thread_blocked, id=19568, stack(0x000000001a400000,0x000000001a500000)]
  0x000000001957d800 JavaThread "Incoming local TCP Connector on port 58397" [_thread_in_native, id=18296, stack(0x000000001a250000,0x000000001a350000)]
  0x0000000017df9000 JavaThread "Service Thread" daemon [_thread_blocked, id=15472, stack(0x0000000018680000,0x0000000018780000)]
  0x0000000017d8b000 JavaThread "C1 CompilerThread2" daemon [_thread_blocked, id=2932, stack(0x0000000018580000,0x0000000018680000)]
=>0x0000000016a8a800 JavaThread "C2 CompilerThread1" daemon [_thread_in_native, id=7664, stack(0x0000000018480000,0x0000000018580000)]
  0x0000000016a3c800 JavaThread "C2 CompilerThread0" daemon [_thread_in_native, id=13964, stack(0x0000000018380000,0x0000000018480000)]
  0x0000000016a3b800 JavaThread "Attach Listener" daemon [_thread_blocked, id=23808, stack(0x0000000018280000,0x0000000018380000)]
  0x0000000017d88800 JavaThread "Signal Dispatcher" daemon [_thread_blocked, id=2616, stack(0x0000000018180000,0x0000000018280000)]
  0x0000000016a19800 JavaThread "Finalizer" daemon [_thread_blocked, id=13060, stack(0x0000000017c80000,0x0000000017d80000)]
  0x00000000030b0000 JavaThread "Reference Handler" daemon [_thread_blocked, id=23340, stack(0x0000000017b80000,0x0000000017c80000)]
  0x0000000002afe000 JavaThread "main" [_thread_blocked, id=14256, stack(0x0000000002ec0000,0x0000000002fc0000)]

Other Threads:
  0x00000000169f6800 VMThread [stack: 0x0000000017a80000,0x0000000017b80000] [id=3980]
  0x0000000017e0c000 WatcherThread [stack: 0x0000000018780000,0x0000000018880000] [id=20888]

VM state:not at safepoint (normal execution)

VM Mutex/Monitor currently owned by a thread: None

Heap:
 PSYoungGen      total 141312K, used 43875K [0x00000000e0000000, 0x00000000ebc80000, 0x0000000100000000)
  eden space 125952K, 34% used [0x00000000e0000000,0x00000000e2ad8ee8,0x00000000e7b00000)
  from space 15360K, 0% used [0x00000000e7b00000,0x00000000e7b00000,0x00000000e8a00000)
  to   space 19456K, 0% used [0x00000000ea980000,0x00000000ea980000,0x00000000ebc80000)
 ParOldGen       total 90112K, used 39598K [0x00000000a0000000, 0x00000000a5800000, 0x00000000e0000000)
  object space 90112K, 43% used [0x00000000a0000000,0x00000000a26ab9c8,0x00000000a5800000)
 Metaspace       used 59993K, capacity 62036K, committed 62208K, reserved 1103872K
  class space    used 8106K, capacity 8652K, committed 8704K, reserved 1048576K

Card table byte_map: [0x0000000012480000,0x0000000012790000] byte_map_base: 0x0000000011f80000

Marking Bits: (ParMarkBitMap*) 0x000000006ad45aa0
 Begin Bits: [0x0000000012d90000, 0x0000000014590000)
 End Bits:   [0x0000000014590000, 0x0000000015d90000)

Polling page: 0x00000000009f0000

CodeCache: size=245760Kb used=24033Kb max_used=24033Kb free=221726Kb
 bounds [0x00000000030c0000, 0x0000000004860000, 0x00000000120c0000]
 total_blobs=7826 nmethods=7042 adapters=697
 compilation: enabled

Compilation events (10 events):
Event: 41.446 Thread 0x0000000017d8b000 nmethod 7883 0x000000000484e790 code [0x000000000484e920, 0x000000000484ed68]
Event: 41.447 Thread 0x0000000017d8b000 7884       1       com.sun.tools.javac.code.Type::isPartial (2 bytes)
Event: 41.447 Thread 0x0000000017d8b000 nmethod 7884 0x000000000484eed0 code [0x000000000484f020, 0x000000000484f130]
Event: 41.447 Thread 0x0000000017d8b000 7885       1       com.sun.tools.javac.code.Type::unannotatedType (2 bytes)
Event: 41.447 Thread 0x0000000017d8b000 nmethod 7885 0x000000000484f190 code [0x000000000484f2e0, 0x000000000484f3f0]
Event: 41.457 Thread 0x0000000017d8b000 7886       3       com.sun.tools.javac.code.Types$DefaultTypeVisitor::<init> (5 bytes)
Event: 41.457 Thread 0x0000000017d8b000 nmethod 7886 0x000000000484f450 code [0x000000000484f5a0, 0x000000000484f750]
Event: 41.457 Thread 0x0000000017d8b000 7887       1       com.sun.tools.javac.comp.Resolve$MethodResolutionPhase::isVarargsRequired (5 bytes)
Event: 41.457 Thread 0x0000000017d8b000 nmethod 7887 0x000000000484f810 code [0x000000000484f960, 0x000000000484fa70]
Event: 41.460 Thread 0x0000000017d8b000 7888       3       com.sun.tools.javac.code.Types$SimpleVisitor::<init> (5 bytes)

GC Heap History (10 events):
Event: 20.092 GC heap before
{Heap before GC invocations=12 (full 2):
 PSYoungGen      total 90624K, used 79872K [0x00000000e0000000, 0x00000000e8000000, 0x0000000100000000)
  eden space 79872K, 100% used [0x00000000e0000000,0x00000000e4e00000,0x00000000e4e00000)
  from space 10752K, 0% used [0x00000000e4e00000,0x00000000e4e00000,0x00000000e5880000)
  to   space 10752K, 0% used [0x00000000e7580000,0x00000000e7580000,0x00000000e8000000)
 ParOldGen       total 90112K, used 15999K [0x00000000a0000000, 0x00000000a5800000, 0x00000000e0000000)
  object space 90112K, 17% used [0x00000000a0000000,0x00000000a0f9ffe0,0x00000000a5800000)
 Metaspace       used 39188K, capacity 40106K, committed 40576K, reserved 1083392K
  class space    used 5323K, capacity 5637K, committed 5760K, reserved 1048576K
Event: 20.126 GC heap after
Heap after GC invocations=12 (full 2):
 PSYoungGen      total 110080K, used 7934K [0x00000000e0000000, 0x00000000e7d80000, 0x0000000100000000)
  eden space 101888K, 0% used [0x00000000e0000000,0x00000000e0000000,0x00000000e6380000)
  from space 8192K, 96% used [0x00000000e7580000,0x00000000e7d3fbb8,0x00000000e7d80000)
  to   space 11264K, 0% used [0x00000000e6780000,0x00000000e6780000,0x00000000e7280000)
 ParOldGen       total 90112K, used 16007K [0x00000000a0000000, 0x00000000a5800000, 0x00000000e0000000)
  object space 90112K, 17% used [0x00000000a0000000,0x00000000a0fa1fe0,0x00000000a5800000)
 Metaspace       used 39188K, capacity 40106K, committed 40576K, reserved 1083392K
  class space    used 5323K, capacity 5637K, committed 5760K, reserved 1048576K
}
Event: 24.566 GC heap before
{Heap before GC invocations=13 (full 2):
 PSYoungGen      total 110080K, used 109822K [0x00000000e0000000, 0x00000000e7d80000, 0x0000000100000000)
  eden space 101888K, 100% used [0x00000000e0000000,0x00000000e6380000,0x00000000e6380000)
  from space 8192K, 96% used [0x00000000e7580000,0x00000000e7d3fbb8,0x00000000e7d80000)
  to   space 11264K, 0% used [0x00000000e6780000,0x00000000e6780000,0x00000000e7280000)
 ParOldGen       total 90112K, used 16007K [0x00000000a0000000, 0x00000000a5800000, 0x00000000e0000000)
  object space 90112K, 17% used [0x00000000a0000000,0x00000000a0fa1fe0,0x00000000a5800000)
 Metaspace       used 46722K, capacity 47950K, committed 48256K, reserved 1091584K
  class space    used 6354K, capacity 6741K, committed 6784K, reserved 1048576K
Event: 24.589 GC heap after
Heap after GC invocations=13 (full 2):
 PSYoungGen      total 117248K, used 11248K [0x00000000e0000000, 0x00000000e9780000, 0x0000000100000000)
  eden space 105984K, 0% used [0x00000000e0000000,0x00000000e0000000,0x00000000e6780000)
  from space 11264K, 99% used [0x00000000e6780000,0x00000000e727c158,0x00000000e7280000)
  to   space 13824K, 0% used [0x00000000e8a00000,0x00000000e8a00000,0x00000000e9780000)
 ParOldGen       total 90112K, used 20080K [0x00000000a0000000, 0x00000000a5800000, 0x00000000e0000000)
  object space 90112K, 22% used [0x00000000a0000000,0x00000000a139c2a8,0x00000000a5800000)
 Metaspace       used 46722K, capacity 47950K, committed 48256K, reserved 1091584K
  class space    used 6354K, capacity 6741K, committed 6784K, reserved 1048576K
}
Event: 30.410 GC heap before
{Heap before GC invocations=14 (full 2):
 PSYoungGen      total 117248K, used 117232K [0x00000000e0000000, 0x00000000e9780000, 0x0000000100000000)
  eden space 105984K, 100% used [0x00000000e0000000,0x00000000e6780000,0x00000000e6780000)
  from space 11264K, 99% used [0x00000000e6780000,0x00000000e727c158,0x00000000e7280000)
  to   space 13824K, 0% used [0x00000000e8a00000,0x00000000e8a00000,0x00000000e9780000)
 ParOldGen       total 90112K, used 20080K [0x00000000a0000000, 0x00000000a5800000, 0x00000000e0000000)
  object space 90112K, 22% used [0x00000000a0000000,0x00000000a139c2a8,0x00000000a5800000)
 Metaspace       used 51600K, capacity 53398K, committed 53632K, reserved 1095680K
  class space    used 7035K, capacity 7473K, committed 7552K, reserved 1048576K
Event: 30.439 GC heap after
Heap after GC invocations=14 (full 2):
 PSYoungGen      total 139776K, used 13053K [0x00000000e0000000, 0x00000000e9d00000, 0x0000000100000000)
  eden space 125952K, 0% used [0x00000000e0000000,0x00000000e0000000,0x00000000e7b00000)
  from space 13824K, 94% used [0x00000000e8a00000,0x00000000e96bf758,0x00000000e9780000)
  to   space 15360K, 0% used [0x00000000e7b00000,0x00000000e7b00000,0x00000000e8a00000)
 ParOldGen       total 90112K, used 25289K [0x00000000a0000000, 0x00000000a5800000, 0x00000000e0000000)
  object space 90112K, 28% used [0x00000000a0000000,0x00000000a18b2400,0x00000000a5800000)
 Metaspace       used 51600K, capacity 53398K, committed 53632K, reserved 1095680K
  class space    used 7035K, capacity 7473K, committed 7552K, reserved 1048576K
}
Event: 37.346 GC heap before
{Heap before GC invocations=15 (full 2):
 PSYoungGen      total 139776K, used 119492K [0x00000000e0000000, 0x00000000e9d00000, 0x0000000100000000)
  eden space 125952K, 84% used [0x00000000e0000000,0x00000000e67f1a18,0x00000000e7b00000)
  from space 13824K, 94% used [0x00000000e8a00000,0x00000000e96bf758,0x00000000e9780000)
  to   space 15360K, 0% used [0x00000000e7b00000,0x00000000e7b00000,0x00000000e8a00000)
 ParOldGen       total 90112K, used 25289K [0x00000000a0000000, 0x00000000a5800000, 0x00000000e0000000)
  object space 90112K, 28% used [0x00000000a0000000,0x00000000a18b2400,0x00000000a5800000)
 Metaspace       used 56783K, capacity 58868K, committed 59008K, reserved 1099776K
  class space    used 7745K, capacity 8300K, committed 8320K, reserved 1048576K
Event: 37.417 GC heap after
Heap after GC invocations=15 (full 2):
 PSYoungGen      total 141312K, used 15333K [0x00000000e0000000, 0x00000000ebc80000, 0x0000000100000000)
  eden space 125952K, 0% used [0x00000000e0000000,0x00000000e0000000,0x00000000e7b00000)
  from space 15360K, 99% used [0x00000000e7b00000,0x00000000e89f9458,0x00000000e8a00000)
  to   space 19456K, 0% used [0x00000000ea980000,0x00000000ea980000,0x00000000ebc80000)
 ParOldGen       total 90112K, used 31118K [0x00000000a0000000, 0x00000000a5800000, 0x00000000e0000000)
  object space 90112K, 34% used [0x00000000a0000000,0x00000000a1e639d8,0x00000000a5800000)
 Metaspace       used 56783K, capacity 58868K, committed 59008K, reserved 1099776K
  class space    used 7745K, capacity 8300K, committed 8320K, reserved 1048576K
}
Event: 37.417 GC heap before
{Heap before GC invocations=16 (full 3):
 PSYoungGen      total 141312K, used 15333K [0x00000000e0000000, 0x00000000ebc80000, 0x0000000100000000)
  eden space 125952K, 0% used [0x00000000e0000000,0x00000000e0000000,0x00000000e7b00000)
  from space 15360K, 99% used [0x00000000e7b00000,0x00000000e89f9458,0x00000000e8a00000)
  to   space 19456K, 0% used [0x00000000ea980000,0x00000000ea980000,0x00000000ebc80000)
 ParOldGen       total 90112K, used 31118K [0x00000000a0000000, 0x00000000a5800000, 0x00000000e0000000)
  object space 90112K, 34% used [0x00000000a0000000,0x00000000a1e639d8,0x00000000a5800000)
 Metaspace       used 56783K, capacity 58868K, committed 59008K, reserved 1099776K
  class space    used 7745K, capacity 8300K, committed 8320K, reserved 1048576K
Event: 38.203 GC heap after
Heap after GC invocations=16 (full 3):
 PSYoungGen      total 141312K, used 0K [0x00000000e0000000, 0x00000000ebc80000, 0x0000000100000000)
  eden space 125952K, 0% used [0x00000000e0000000,0x00000000e0000000,0x00000000e7b00000)
  from space 15360K, 0% used [0x00000000e7b00000,0x00000000e7b00000,0x00000000e8a00000)
  to   space 19456K, 0% used [0x00000000ea980000,0x00000000ea980000,0x00000000ebc80000)
 ParOldGen       total 90112K, used 39598K [0x00000000a0000000, 0x00000000a5800000, 0x00000000e0000000)
  object space 90112K, 43% used [0x00000000a0000000,0x00000000a26ab9c8,0x00000000a5800000)
 Metaspace       used 56783K, capacity 58868K, committed 59008K, reserved 1099776K
  class space    used 7745K, capacity 8300K, committed 8320K, reserved 1048576K
}

Deoptimization events (10 events):
Event: 41.341 Thread 0x000000001c6fd800 Uncommon trap: reason=unstable_if action=reinterpret pc=0x000000000327b9dc method=com.sun.tools.javac.util.Convert.chars2utf([CI[BII)I @ 35
Event: 41.351 Thread 0x000000001c6fd800 Uncommon trap: reason=bimorphic action=maybe_recompile pc=0x00000000047fc790 method=com.sun.tools.javac.code.Scope.lookup(Lcom/sun/tools/javac/util/Name;Lcom/sun/tools/javac/util/Filter;)Lcom/sun/tools/javac/code/Scope$Entry; @ 49
Event: 41.351 Thread 0x000000001c6fd800 Uncommon trap: reason=bimorphic action=maybe_recompile pc=0x00000000047fc790 method=com.sun.tools.javac.code.Scope.lookup(Lcom/sun/tools/javac/util/Name;Lcom/sun/tools/javac/util/Filter;)Lcom/sun/tools/javac/code/Scope$Entry; @ 49
Event: 41.352 Thread 0x000000001c6fd800 Uncommon trap: reason=bimorphic action=maybe_recompile pc=0x00000000047fc790 method=com.sun.tools.javac.code.Scope.lookup(Lcom/sun/tools/javac/util/Name;Lcom/sun/tools/javac/util/Filter;)Lcom/sun/tools/javac/code/Scope$Entry; @ 49
Event: 41.358 Thread 0x000000001c6fd800 Uncommon trap: reason=bimorphic action=maybe_recompile pc=0x00000000047fc790 method=com.sun.tools.javac.code.Scope.lookup(Lcom/sun/tools/javac/util/Name;Lcom/sun/tools/javac/util/Filter;)Lcom/sun/tools/javac/code/Scope$Entry; @ 49
Event: 41.401 Thread 0x000000001c6fd800 Uncommon trap: reason=unstable_if action=reinterpret pc=0x000000000483436c method=com.sun.tools.javac.comp.MemberEnter.initEnv(Lcom/sun/tools/javac/tree/JCTree$JCVariableDecl;Lcom/sun/tools/javac/comp/Env;)Lcom/sun/tools/javac/comp/Env; @ 34
Event: 41.403 Thread 0x000000001c6fd800 Uncommon trap: reason=class_check action=maybe_recompile pc=0x000000000481ce1c method=com.sun.tools.javac.code.Type.containsAny(Lcom/sun/tools/javac/util/List;)Z @ 6
Event: 41.412 Thread 0x000000001c6fd800 Uncommon trap: reason=class_check action=maybe_recompile pc=0x000000000481ce1c method=com.sun.tools.javac.code.Type.containsAny(Lcom/sun/tools/javac/util/List;)Z @ 6
Event: 41.418 Thread 0x000000001c6fd800 Uncommon trap: reason=class_check action=maybe_recompile pc=0x000000000481ce1c method=com.sun.tools.javac.code.Type.containsAny(Lcom/sun/tools/javac/util/List;)Z @ 6
Event: 41.418 Thread 0x000000001c6fd800 Uncommon trap: reason=class_check action=maybe_recompile pc=0x000000000481ce1c method=com.sun.tools.javac.code.Type.containsAny(Lcom/sun/tools/javac/util/List;)Z @ 6

Classes redefined (0 events):
No events

Internal exceptions (10 events):
Event: 33.686 Thread 0x0000000018d38800 Exception <a 'java/lang/NoSuchMethodError': <clinit>> (0x00000000e2465e88) thrown at [D:\src\AOSP-openjdk-cygwin\jdk8u\hotspot\src\share\vm\prims\jni.cpp, line 1613]
Event: 33.690 Thread 0x0000000018d38800 Exception <a 'java/lang/NoSuchMethodError': <clinit>> (0x00000000e2474a38) thrown at [D:\src\AOSP-openjdk-cygwin\jdk8u\hotspot\src\share\vm\prims\jni.cpp, line 1613]
Event: 33.857 Thread 0x0000000018d38800 Exception <a 'java/lang/NoSuchMethodError': <clinit>> (0x00000000e260b588) thrown at [D:\src\AOSP-openjdk-cygwin\jdk8u\hotspot\src\share\vm\prims\jni.cpp, line 1613]
Event: 33.863 Thread 0x0000000018d38800 Exception <a 'java/lang/NoSuchMethodError': <clinit>> (0x00000000e2627288) thrown at [D:\src\AOSP-openjdk-cygwin\jdk8u\hotspot\src\share\vm\prims\jni.cpp, line 1613]
Event: 33.864 Thread 0x0000000018d38800 Exception <a 'java/lang/NoSuchMethodError': <clinit>> (0x00000000e26290f0) thrown at [D:\src\AOSP-openjdk-cygwin\jdk8u\hotspot\src\share\vm\prims\jni.cpp, line 1613]
Event: 33.986 Thread 0x000000001c6fb800 Implicit null exception at 0x00000000036b84a2 to 0x00000000036b89e1
Event: 35.375 Thread 0x000000001c6fd000 Exception <a 'java/lang/NoSuchMethodError': <clinit>> (0x00000000e2789808) thrown at [D:\src\AOSP-openjdk-cygwin\jdk8u\hotspot\src\share\vm\prims\jni.cpp, line 1613]
Event: 35.521 Thread 0x000000001c6fd800 Exception <a 'java/lang/NoSuchMethodError': <clinit>> (0x00000000e27d91d8) thrown at [D:\src\AOSP-openjdk-cygwin\jdk8u\hotspot\src\share\vm\prims\jni.cpp, line 1613]
Event: 35.524 Thread 0x000000001c6fd800 Exception <a 'java/lang/NoSuchMethodError': <clinit>> (0x00000000e27e2c10) thrown at [D:\src\AOSP-openjdk-cygwin\jdk8u\hotspot\src\share\vm\prims\jni.cpp, line 1613]
Event: 40.863 Thread 0x000000001c6fd800 Implicit null exception at 0x000000000479db58 to 0x000000000479db8e

Events (10 events):
Event: 41.428 loading class com/sun/tools/javac/comp/Resolve$4$2
Event: 41.428 loading class com/sun/tools/javac/comp/Resolve$4$2 done
Event: 41.428 loading class com/sun/tools/javac/comp/Resolve$MethodCheckContext
Event: 41.428 loading class com/sun/tools/javac/comp/Resolve$MethodCheckContext done
Event: 41.437 loading class com/sun/tools/javac/comp/Resolve$MostSpecificCheck
Event: 41.437 loading class com/sun/tools/javac/comp/Resolve$MostSpecificCheck done
Event: 41.438 loading class com/sun/tools/javac/comp/Resolve$MostSpecificCheck$MostSpecificCheckContext
Event: 41.438 loading class com/sun/tools/javac/comp/Resolve$MostSpecificCheck$MostSpecificCheckContext done
Event: 41.442 loading class com/sun/tools/javac/code/Types$ImplementationCache$Entry
Event: 41.442 loading class com/sun/tools/javac/code/Types$ImplementationCache$Entry done


Dynamic libraries:
0x00007ff748bb0000 - 0x00007ff748be1000 	D:\Program Files (x86)\Android-Studio\jre\bin\java.exe
0x00007ffdbc450000 - 0x00007ffdbc631000 	C:\Windows\SYSTEM32\ntdll.dll
0x00007ffdbc260000 - 0x00007ffdbc312000 	C:\Windows\System32\KERNEL32.DLL
0x00007ffdb89e0000 - 0x00007ffdb8c53000 	C:\Windows\System32\KERNELBASE.dll
0x00007ffdb9d30000 - 0x00007ffdb9dd1000 	C:\Windows\System32\ADVAPI32.DLL
0x00007ffdbc1c0000 - 0x00007ffdbc25e000 	C:\Windows\System32\msvcrt.dll
0x00007ffdbc3c0000 - 0x00007ffdbc41b000 	C:\Windows\System32\sechost.dll
0x00007ffdbbcf0000 - 0x00007ffdbbe14000 	C:\Windows\System32\RPCRT4.dll
0x00007ffdb98e0000 - 0x00007ffdb9a70000 	C:\Windows\System32\USER32.dll
0x00007ffdb89c0000 - 0x00007ffdb89e0000 	C:\Windows\System32\win32u.dll
0x00007ffdbc320000 - 0x00007ffdbc348000 	C:\Windows\System32\GDI32.dll
0x00007ffdb8820000 - 0x00007ffdb89b2000 	C:\Windows\System32\gdi32full.dll
0x00007ffdb8f30000 - 0x00007ffdb8fcf000 	C:\Windows\System32\msvcp_win.dll
0x00007ffdb9790000 - 0x00007ffdb988a000 	C:\Windows\System32\ucrtbase.dll
0x00007ffda8630000 - 0x00007ffda8899000 	C:\Windows\WinSxS\amd64_microsoft.windows.common-controls_6595b64144ccf1df_6.0.17134.1_none_e4da93291059d8fb\COMCTL32.dll
0x00007ffdb9fd0000 - 0x00007ffdba2f3000 	C:\Windows\System32\combase.dll
0x00007ffdb8c60000 - 0x00007ffdb8cda000 	C:\Windows\System32\bcryptPrimitives.dll
0x00007ffdb9ca0000 - 0x00007ffdb9ccd000 	C:\Windows\System32\IMM32.DLL
0x000000006a4a0000 - 0x000000006a572000 	D:\Program Files (x86)\Android-Studio\jre\jre\bin\msvcr100.dll
0x000000006a580000 - 0x000000006adc1000 	D:\Program Files (x86)\Android-Studio\jre\jre\bin\server\jvm.dll
0x00007ffdb9e40000 - 0x00007ffdb9e48000 	C:\Windows\System32\PSAPI.DLL
0x00007ffdb05f0000 - 0x00007ffdb05f9000 	C:\Windows\SYSTEM32\WSOCK32.dll
0x00007ffdba750000 - 0x00007ffdba7bc000 	C:\Windows\System32\WS2_32.dll
0x00007ffdb0820000 - 0x00007ffdb0843000 	C:\Windows\SYSTEM32\WINMM.dll
0x00007ffda4ed0000 - 0x00007ffda4eda000 	C:\Windows\SYSTEM32\VERSION.dll
0x00007ffdb07a0000 - 0x00007ffdb07ca000 	C:\Windows\SYSTEM32\winmmbase.dll
0x00007ffdb9890000 - 0x00007ffdb98d9000 	C:\Windows\System32\cfgmgr32.dll
0x00007ffdaffb0000 - 0x00007ffdaffbf000 	D:\Program Files (x86)\Android-Studio\jre\jre\bin\verify.dll
0x00007ffda6360000 - 0x00007ffda6389000 	D:\Program Files (x86)\Android-Studio\jre\jre\bin\java.dll
0x00007ffdae4a0000 - 0x00007ffdae4b6000 	D:\Program Files (x86)\Android-Studio\jre\jre\bin\zip.dll
0x00007ffdba8b0000 - 0x00007ffdbbcf0000 	C:\Windows\System32\SHELL32.dll
0x00007ffdb9a80000 - 0x00007ffdb9b29000 	C:\Windows\System32\shcore.dll
0x00007ffdb9080000 - 0x00007ffdb978d000 	C:\Windows\System32\windows.storage.dll
0x00007ffdbc350000 - 0x00007ffdbc3a1000 	C:\Windows\System32\shlwapi.dll
0x00007ffdb87e0000 - 0x00007ffdb87f1000 	C:\Windows\System32\kernel.appcore.dll
0x00007ffdb8760000 - 0x00007ffdb877f000 	C:\Windows\System32\profapi.dll
0x00007ffdb8780000 - 0x00007ffdb87cc000 	C:\Windows\System32\powrprof.dll
0x00007ffdb87d0000 - 0x00007ffdb87da000 	C:\Windows\System32\FLTLIB.DLL
0x00007ffda2960000 - 0x00007ffda297a000 	D:\Program Files (x86)\Android-Studio\jre\jre\bin\net.dll
0x00007ffdb7f80000 - 0x00007ffdb7fe6000 	C:\Windows\system32\mswsock.dll
0x00007ffd9ded0000 - 0x00007ffd9dee1000 	D:\Program Files (x86)\Android-Studio\jre\jre\bin\nio.dll
0x00007ffd9d860000 - 0x00007ffd9d87e000 	C:\Users\Administrator\.gradle\native\25\windows-amd64\native-platform.dll
0x00007ffdae450000 - 0x00007ffdae45d000 	D:\Program Files (x86)\Android-Studio\jre\jre\bin\management.dll
0x00007ffdb8130000 - 0x00007ffdb8147000 	C:\Windows\SYSTEM32\CRYPTSP.dll
0x00007ffdb7b60000 - 0x00007ffdb7b93000 	C:\Windows\system32\rsaenh.dll
0x00007ffdb8260000 - 0x00007ffdb8285000 	C:\Windows\SYSTEM32\bcrypt.dll
0x00007ffdb8660000 - 0x00007ffdb8688000 	C:\Windows\SYSTEM32\USERENV.dll
0x00007ffdb8150000 - 0x00007ffdb815b000 	C:\Windows\SYSTEM32\CRYPTBASE.dll
0x00007ffdb7d00000 - 0x00007ffdb7d38000 	C:\Windows\SYSTEM32\IPHLPAPI.DLL
0x00007ffdbc3b0000 - 0x00007ffdbc3b8000 	C:\Windows\System32\NSI.dll
0x00007ffdb3410000 - 0x00007ffdb3426000 	C:\Windows\SYSTEM32\dhcpcsvc6.DLL
0x00007ffdb38d0000 - 0x00007ffdb38ea000 	C:\Windows\SYSTEM32\dhcpcsvc.DLL

VM Arguments:
jvm_args: -Xmx1536m -Dfile.encoding=GBK -Duser.country=CN -Duser.language=zh -Duser.variant 
java_command: org.gradle.launcher.daemon.bootstrap.GradleDaemon 4.4
java_class_path (initial): C:\Users\Administrator\.gradle\wrapper\dists\gradle-4.4-all\9br9xq1tocpiv8o6njlyu5op1\gradle-4.4\lib\gradle-launcher-4.4.jar
Launcher Type: SUN_STANDARD

Environment Variables:
PATH=C:\Windows\system32;C:\Windows;C:\Windows\System32\Wbem;C:\Windows\System32\WindowsPowerShell\v1.0\;C:\Windows\System32\OpenSSH\;d:\Program Files\Git\cmd;C:\Users\Administrator\AppData\Local\Microsoft\WindowsApps;D:\adt-bundle-windows-x86\sdk\platform-tools;D:\Program Files (x86)\IDM Computer Solutions\UltraEdit\
USERNAME=Administrator
OS=Windows_NT
PROCESSOR_IDENTIFIER=Intel64 Family 6 Model 69 Stepping 1, GenuineIntel



---------------  S Y S T E M  ---------------

OS: Windows 10.0 , 64 bit Build 17134 (10.0.17134.1)

CPU:total 4 (initial active 4) (2 cores per cpu, 2 threads per core) family 6 model 69 stepping 1, cmov, cx8, fxsr, mmx, sse, sse2, sse3, ssse3, sse4.1, sse4.2, popcnt, avx, avx2, aes, clmul, erms, lzcnt, ht, tsc, tscinvbit, bmi1, bmi2

Memory: 4k page, physical 8068764k(457572k free), swap 18337292k(6072k free)

vm_info: OpenJDK 64-Bit Server VM (25.152-b01) for windows-amd64 JRE (1.8.0_152-release-1248-b01), built by "builder" with MS VC++ 10.0 (VS2010)

time: Tue Apr 02 19:21:27 2019
elapsed time: 41 seconds (0d 0h 0m 41s)

